<?xml version="1.0" encoding="UTF-8"?>
<testsuite xmlns:xsi="http://www.w3.org/2001/XMLSchema-instance" xsi:noNamespaceSchemaLocation="https://maven.apache.org/surefire/maven-surefire-plugin/xsd/surefire-test-report.xsd" name="com.mycompany.app.AppTest" time="0.054" tests="1" errors="0" skipped="0" failures="0">
  <properties>
    <property name="sun.desktop" value="windows"/>
    <property name="awt.toolkit" value="sun.awt.windows.WToolkit"/>
    <property name="file.encoding.pkg" value="sun.io"/>
    <property name="java.specification.version" value="1.8"/>
    <property name="sun.cpu.isalist" value="amd64"/>
    <property name="sun.jnu.encoding" value="Cp1252"/>
    <property name="java.class.path" value="D:\work_maven\my-app\target\test-classes;D:\work_maven\my-app\target\classes;C:\Users\gueffaf.mesbah\.m2\repository\junit\junit\4.11\junit-4.11.jar;C:\Users\gueffaf.mesbah\.m2\repository\org\hamcrest\hamcrest-core\1.3\hamcrest-core-1.3.jar;"/>
    <property name="java.vm.vendor" value="Oracle Corporation"/>
    <property name="sun.arch.data.model" value="64"/>
    <property name="user.variant" value=""/>
    <property name="java.vendor.url" value="http://java.oracle.com/"/>
    <property name="user.timezone" value="Africa/Luanda"/>
    <property name="java.vm.specification.version" value="1.8"/>
    <property name="os.name" value="Windows 10"/>
    <property name="user.country" value="FR"/>
    <property name="sun.java.launcher" value="SUN_STANDARD"/>
    <property name="sun.boot.library.path" value="C:\ProgramDev\Java\jdk1.8.0_191\jre\bin"/>
    <property name="sun.java.command" value="C:\Users\GUEFFA~1.MES\AppData\Local\Temp\surefire1429991387704465293\surefirebooter7481373123062422606.jar C:\Users\gueffaf.mesbah\AppData\Local\Temp\surefire1429991387704465293 2019-02-12T10-10-43_234-jvmRun1 surefire3109269251064822902tmp surefire_08843421687959666469tmp"/>
    <property name="surefire.test.class.path" value="D:\work_maven\my-app\target\test-classes;D:\work_maven\my-app\target\classes;C:\Users\gueffaf.mesbah\.m2\repository\junit\junit\4.11\junit-4.11.jar;C:\Users\gueffaf.mesbah\.m2\repository\org\hamcrest\hamcrest-core\1.3\hamcrest-core-1.3.jar;"/>
    <property name="sun.cpu.endian" value="little"/>
    <property name="user.home" value="C:\Users\gueffaf.mesbah"/>
    <property name="user.language" value="fr"/>
    <property name="java.specification.vendor" value="Oracle Corporation"/>
    <property name="java.home" value="C:\ProgramDev\Java\jdk1.8.0_191\jre"/>
    <property name="basedir" value="D:\work_maven\my-app"/>
    <property name="file.separator" value="\"/>
    <property name="line.separator" value="&#10;"/>
    <property name="java.vm.specification.vendor" value="Oracle Corporation"/>
    <property name="java.specification.name" value="Java Platform API Specification"/>
    <property name="java.awt.graphicsenv" value="sun.awt.Win32GraphicsEnvironment"/>
    <property name="surefire.real.class.path" value="C:\Users\GUEFFA~1.MES\AppData\Local\Temp\surefire1429991387704465293\surefirebooter7481373123062422606.jar"/>
    <property name="sun.boot.class.path" value="C:\ProgramDev\Java\jdk1.8.0_191\jre\lib\resources.jar;C:\ProgramDev\Java\jdk1.8.0_191\jre\lib\rt.jar;C:\ProgramDev\Java\jdk1.8.0_191\jre\lib\sunrsasign.jar;C:\ProgramDev\Java\jdk1.8.0_191\jre\lib\jsse.jar;C:\ProgramDev\Java\jdk1.8.0_191\jre\lib\jce.jar;C:\ProgramDev\Java\jdk1.8.0_191\jre\lib\charsets.jar;C:\ProgramDev\Java\jdk1.8.0_191\jre\lib\jfr.jar;C:\ProgramDev\Java\jdk1.8.0_191\jre\classes"/>
    <property name="user.script" value=""/>
    <property name="sun.management.compiler" value="HotSpot 64-Bit Tiered Compilers"/>
    <property name="java.runtime.version" value="1.8.0_191-b12"/>
    <property name="user.name" value="gueffaf.mesbah"/>
    <property name="path.separator" value=";"/>
    <property name="os.version" value="10.0"/>
    <property name="java.endorsed.dirs" value="C:\ProgramDev\Java\jdk1.8.0_191\jre\lib\endorsed"/>
    <property name="java.runtime.name" value="Java(TM) SE Runtime Environment"/>
    <property name="file.encoding" value="Cp1252"/>
    <property name="java.vm.name" value="Java HotSpot(TM) 64-Bit Server VM"/>
    <property name="localRepository" value="C:\Users\gueffaf.mesbah\.m2\repository"/>
    <property name="java.vendor.url.bug" value="http://bugreport.sun.com/bugreport/"/>
    <property name="java.io.tmpdir" value="C:\Users\GUEFFA~1.MES\AppData\Local\Temp\"/>
    <property name="java.version" value="1.8.0_191"/>
    <property name="user.dir" value="D:\work_maven\my-app"/>
    <property name="os.arch" value="amd64"/>
    <property name="java.vm.specification.name" value="Java Virtual Machine Specification"/>
    <property name="java.awt.printerjob" value="sun.awt.windows.WPrinterJob"/>
    <property name="sun.os.patch.level" value=""/>
    <property name="java.library.path" value="C:\ProgramDev\Java\jdk1.8.0_191\jre\bin;C:\Windows\Sun\Java\bin;C:\Windows\system32;C:\Windows;C:\ProgramDev\apache-maven-3.6.0\bin;C:\ProgramDev\grinder\bin;C:\ProgramDev\grinder\lib;%MAVEN_HOME%\src\bin;C:\ProgramDev\Java\jdk1.8.0_191\bin;C:\ProgramDev\glassfish-3.1.2.2\bin;C:\Program Files (x86)\Common Files\Oracle\Java\javapath;C:\Windows\system32;C:\Windows;C:\Windows\System32\Wbem;C:\Windows\System32\WindowsPowerShell\v1.0\;C:\Windows\CCM;C:\Program Files\Intel\WiFi\bin\;C:\Program Files\Common Files\Intel\WirelessCommon\;C:\Program Files\TortoiseSVN\bin;C:\ProgramDev\nodejs\;C:\Program Files\Git\cmd;C:\Users\gueffaf.mesbah\AppData\Local\Microsoft\WindowsApps;C:\Users\gueffaf.mesbah\AppData\Roaming\npm;."/>
    <property name="java.vm.info" value="mixed mode"/>
    <property name="java.vendor" value="Oracle Corporation"/>
    <property name="java.vm.version" value="25.191-b12"/>
    <property name="java.ext.dirs" value="C:\ProgramDev\Java\jdk1.8.0_191\jre\lib\ext;C:\Windows\Sun\Java\lib\ext"/>
    <property name="sun.io.unicode.encoding" value="UnicodeLittle"/>
    <property name="java.class.version" value="52.0"/>
  </properties>
  <testcase name="shouldAnswerWithTrue" classname="com.mycompany.app.AppTest" time="0.001"/>
</testsuite>